
*** Running vivado
    with args -log vga_hdmi_clk_rst_system_inst_0_vga_hdmi_clock_0.vds -m64 -product Vivado -mode batch -messageDb vivado.pb -notrace -source vga_hdmi_clk_rst_system_inst_0_vga_hdmi_clock_0.tcl


Commande ECHO d‚sactiv‚e.
Commande ECHO d‚sactiv‚e.

****** Vivado v2023.2 (64-bit)
  **** SW Build 4029153 on Fri Oct 13 20:14:34 MDT 2023
  **** IP Build 4028589 on Sat Oct 14 00:45:43 MDT 2023
  **** SharedData Build 4025554 on Tue Oct 10 17:18:54 MDT 2023
    ** Copyright 1986-2022 Xilinx, Inc. All Rights Reserved.
    ** Copyright 2022-2023 Advanced Micro Devices, Inc. All Rights Reserved.

source vga_hdmi_clk_rst_system_inst_0_vga_hdmi_clock_0.tcl -notrace
create_project: Time (s): cpu = 00:00:06 ; elapsed = 00:00:09 . Memory (MB): peak = 451.594 ; gain = 183.438
INFO: [IP_Flow 19-234] Refreshing IP repositories
INFO: [IP_Flow 19-1700] Loaded user IP repository 'e:/scalp_revc_windows'.
INFO: [IP_Flow 19-2313] Loaded Vivado IP repository 'D:/Vivado/2023.2/data/ip'.
INFO: [IP_Flow 19-6924] IPCACHE: Running cache check for IP inst: vga_hdmi_clk_rst_system_inst_0_vga_hdmi_clock_0
INFO: [IP_Flow 19-6922] IPCACHE: Exporting cached entry 96286e4ea0339243 to dir: E:/mandelbrot/scalp_user_design/scalp_user_design.runs/vga_hdmi_clk_rst_system_inst_0_vga_hdmi_clock_0_synth_1
INFO: [IP_Flow 19-6928] IPCACHE: copied cached file e:/mandelbrot/scalp_user_design/scalp_user_design.cache/ip/2023.2/9/6/96286e4ea0339243/vga_hdmi_clk_rst_system_inst_0_vga_hdmi_clock_0.dcp to E:/mandelbrot/scalp_user_design/scalp_user_design.runs/vga_hdmi_clk_rst_system_inst_0_vga_hdmi_clock_0_synth_1/vga_hdmi_clk_rst_system_inst_0_vga_hdmi_clock_0.dcp.
INFO: [IP_Flow 19-6928] IPCACHE: copied cached file e:/mandelbrot/scalp_user_design/scalp_user_design.cache/ip/2023.2/9/6/96286e4ea0339243/vga_hdmi_clk_rst_system_inst_0_vga_hdmi_clock_0_sim_netlist.v to E:/mandelbrot/scalp_user_design/scalp_user_design.runs/vga_hdmi_clk_rst_system_inst_0_vga_hdmi_clock_0_synth_1/vga_hdmi_clk_rst_system_inst_0_vga_hdmi_clock_0_sim_netlist.v.
INFO: [IP_Flow 19-6928] IPCACHE: copied cached file e:/mandelbrot/scalp_user_design/scalp_user_design.cache/ip/2023.2/9/6/96286e4ea0339243/vga_hdmi_clk_rst_system_inst_0_vga_hdmi_clock_0_sim_netlist.vhdl to E:/mandelbrot/scalp_user_design/scalp_user_design.runs/vga_hdmi_clk_rst_system_inst_0_vga_hdmi_clock_0_synth_1/vga_hdmi_clk_rst_system_inst_0_vga_hdmi_clock_0_sim_netlist.vhdl.
INFO: [IP_Flow 19-6928] IPCACHE: copied cached file e:/mandelbrot/scalp_user_design/scalp_user_design.cache/ip/2023.2/9/6/96286e4ea0339243/vga_hdmi_clk_rst_system_inst_0_vga_hdmi_clock_0_stub.v to E:/mandelbrot/scalp_user_design/scalp_user_design.runs/vga_hdmi_clk_rst_system_inst_0_vga_hdmi_clock_0_synth_1/vga_hdmi_clk_rst_system_inst_0_vga_hdmi_clock_0_stub.v.
INFO: [IP_Flow 19-6928] IPCACHE: copied cached file e:/mandelbrot/scalp_user_design/scalp_user_design.cache/ip/2023.2/9/6/96286e4ea0339243/vga_hdmi_clk_rst_system_inst_0_vga_hdmi_clock_0_stub.vhdl to E:/mandelbrot/scalp_user_design/scalp_user_design.runs/vga_hdmi_clk_rst_system_inst_0_vga_hdmi_clock_0_synth_1/vga_hdmi_clk_rst_system_inst_0_vga_hdmi_clock_0_stub.vhdl.
INFO: [IP_Flow 19-4838] Using cached IP synthesis design for IP vga_hdmi_clk_rst_system_inst_0_vga_hdmi_clock_0, cache-ID = 96286e4ea0339243.
INFO: [Common 17-206] Exiting Vivado at Fri May 10 00:27:27 2024...
